16:32:23 **** Build of configuration debug for project CRFF_Tik_Tok ****
make MODE=debug all 
txc12.cc
txc13.cc
txc14.cc
txc14.cc:32:5: warning: 'cLongHistogram' is deprecated [-Wdeprecated-declarations]
    cLongHistogram hopCountStats;
    ^
C:/Users/Andrei/Desktop/omnetpp-5.5.1-src-windows/omnetpp-5.5.1/include/omnetpp/clegacyhistogram.h:355:7: note: 'cLongHistogram' has been explicitly marked deprecated here
class _OPPDEPRECATED SIM_API cLongHistogram : public cLegacyHistogram
      ^
C:/Users/Andrei/Desktop/omnetpp-5.5.1-src-windows/omnetpp-5.5.1/include/omnetpp/platdep/platdefs.h:58:39: note: expanded from macro '_OPPDEPRECATED'
#  define _OPPDEPRECATED __attribute((__deprecated__))
                                      ^
txc14.cc:128:11: warning: 'size' is deprecated [-Wdeprecated-declarations]
  int n = size();
          ^
C:/Users/Andrei/Desktop/omnetpp-5.5.1-src-windows/omnetpp-5.5.1/include/omnetpp/cmodule.h:594:5: note: 'size' has been explicitly marked deprecated here
    _OPPDEPRECATED int size() const  {return getVectorSize();}
    ^
C:/Users/Andrei/Desktop/omnetpp-5.5.1-src-windows/omnetpp-5.5.1/include/omnetpp/platdep/platdefs.h:58:39: note: expanded from macro '_OPPDEPRECATED'
#  define _OPPDEPRECATED __attribute((__deprecated__))
                                      ^
2 warnings generated.
Command canceled

16:32:27 Build Cancelled. (took 4s.637ms)

